Vivado Simulator 2019.1
Copyright 1986-1999, 2001-2019 Xilinx, Inc. All Rights Reserved.
Running: D:/Vivado2019.1/Vivado/2019.1/bin/unwrapped/win64.o/xelab.exe -wto 0db909618f614fd0a4bae780b3d5360b --incr --debug typical --relax --mt 2 -L fifo_generator_v13_2_4 -L xil_defaultlib -L unisims_ver -L unimacro_ver -L secureip -L xpm --snapshot sim_tb_top_behav xil_defaultlib.sim_tb_top xil_defaultlib.glbl -log elaborate.log 
Using 2 slave threads.
Starting static elaboration
WARNING: [VRFC 10-3091] actual bit length 12 differs from formal bit length 8 for port 'pi_dqs_found_lanes' [D:/self_learning/hulang/hulang001_plus/2_projects/mig_7series_app/mig_7series_app.srcs/sources_1/ip/mig_7series_1/mig_7series_1/user_design/rtl/phy/mig_7series_v4_2_ddr_mc_phy_wrapper.v:1671]
WARNING: [VRFC 10-3091] actual bit length 12 differs from formal bit length 8 for port 'pi_phase_locked_lanes' [D:/self_learning/hulang/hulang001_plus/2_projects/mig_7series_app/mig_7series_app.srcs/sources_1/ip/mig_7series_1/mig_7series_1/user_design/rtl/phy/mig_7series_v4_2_ddr_mc_phy_wrapper.v:1679]
WARNING: [VRFC 10-3091] actual bit length 12 differs from formal bit length 8 for port 'pi_dqs_found_lanes' [D:/self_learning/hulang/hulang001_plus/2_projects/mig_7series_app/mig_7series_app.srcs/sources_1/ip/mig_7series_1/mig_7series_1/user_design/rtl/phy/mig_7series_v4_2_ddr_phy_top.v:1340]
WARNING: [VRFC 10-3091] actual bit length 159 differs from formal bit length 160 for port 'din' [D:/self_learning/hulang/hulang001_plus/2_projects/mig_7series_app/mig_7series_app.srcs/sources_1/new/mem_trans_app.v:86]
WARNING: [VRFC 10-3091] actual bit length 159 differs from formal bit length 160 for port 'dout' [D:/self_learning/hulang/hulang001_plus/2_projects/mig_7series_app/mig_7series_app.srcs/sources_1/new/mem_trans_app.v:89]
WARNING: [VRFC 10-3091] actual bit length 4 differs from formal bit length 5 for port 'data_count' [D:/self_learning/hulang/hulang001_plus/2_projects/mig_7series_app/mig_7series_app.srcs/sources_1/new/mem_trans_app.v:91]
WARNING: [VRFC 10-3091] actual bit length 26 differs from formal bit length 32 for port 'out' [D:/self_learning/hulang/hulang001_plus/2_projects/mig_7series_app/mig_7series_app.srcs/sources_1/new/mem_test.v:179]
WARNING: [VRFC 10-3091] actual bit length 26 differs from formal bit length 32 for port 'out' [D:/self_learning/hulang/hulang001_plus/2_projects/mig_7series_app/mig_7series_app.srcs/sources_1/new/mem_test.v:187]
Completed static elaboration
Starting simulation data flow analysis
Completed simulation data flow analysis
Time Resolution for simulation is 1fs
Compiling module xil_defaultlib.WireDelay(Delay_g=0.0,Delay_rd=0...
Compiling module unisims_ver.IDELAYCTRL_default
Compiling module xil_defaultlib.mig_7series_v4_2_iodelay_ctrl(IO...
Compiling module xil_defaultlib.mig_7series_v4_2_clk_ibuf(SYSCLK...
Compiling module unisims_ver.XADC(INIT_40=16'b01000000000000,...
Compiling module xil_defaultlib.mig_7series_v4_2_tempmon_default
Compiling module unisims_ver.PLLE2_ADV(CLKFBOUT_MULT=4,CLKIN1...
Compiling module unisims_ver.BUFG
Compiling module unisims_ver.BUFH
Compiling module unisims_ver.MMCME2_ADV(BANDWIDTH="HIGH",CLKF...
Compiling module xil_defaultlib.mig_7series_v4_2_infrastructure(...
Compiling module unisims_ver.SRLC32E_default
Compiling module xil_defaultlib.mig_7series_v4_2_rank_cntrl(DQRD...
Compiling module xil_defaultlib.mig_7series_v4_2_round_robin_arb...
Compiling module xil_defaultlib.mig_7series_v4_2_round_robin_arb...
Compiling module xil_defaultlib.mig_7series_v4_2_rank_common(MAI...
Compiling module xil_defaultlib.mig_7series_v4_2_rank_mach(CS_WI...
Compiling module xil_defaultlib.mig_7series_v4_2_bank_compare(CO...
Compiling module xil_defaultlib.mig_7series_v4_2_bank_state(DATA...
Compiling module xil_defaultlib.mig_7series_v4_2_bank_queue_defa...
Compiling module xil_defaultlib.mig_7series_v4_2_bank_cntrl(COL_...
Compiling module xil_defaultlib.mig_7series_v4_2_bank_state(DATA...
Compiling module xil_defaultlib.mig_7series_v4_2_bank_queue(ID=1...
Compiling module xil_defaultlib.mig_7series_v4_2_bank_cntrl(COL_...
Compiling module xil_defaultlib.mig_7series_v4_2_bank_state(DATA...
Compiling module xil_defaultlib.mig_7series_v4_2_bank_queue(ID=2...
Compiling module xil_defaultlib.mig_7series_v4_2_bank_cntrl(COL_...
Compiling module xil_defaultlib.mig_7series_v4_2_bank_state(DATA...
Compiling module xil_defaultlib.mig_7series_v4_2_bank_queue(ID=3...
Compiling module xil_defaultlib.mig_7series_v4_2_bank_cntrl(COL_...
Compiling module xil_defaultlib.mig_7series_v4_2_bank_common(LOW...
Compiling module xil_defaultlib.mig_7series_v4_2_round_robin_arb...
Compiling module xil_defaultlib.mig_7series_v4_2_arb_row_col(nCK...
Compiling module xil_defaultlib.mig_7series_v4_2_arb_select(CS_W...
Compiling module xil_defaultlib.mig_7series_v4_2_arb_mux(CS_WIDT...
Compiling module xil_defaultlib.mig_7series_v4_2_bank_mach(COL_W...
Compiling module unisims_ver.RAM32M
Compiling module xil_defaultlib.mig_7series_v4_2_col_mach(COL_WI...
Compiling module xil_defaultlib.mig_7series_v4_2_mc(CL=6,COL_WID...
Compiling module unisims_ver.OBUF
Compiling module unisims_ver.OBUFT
Compiling module unisims_ver.IOBUF_INTERMDISABLE(IBUF_LOW_PWR...
Compiling module unisims_ver.IOBUFDS_DIFF_OUT_INTERMDISABLE(D...
Compiling module unisims_ver.IDDR
Compiling module xil_defaultlib.mig_7series_v4_2_poc_pd_default
Compiling module xil_defaultlib.mig_7series_v4_2_ddr_of_pre_fifo...
Compiling module xil_defaultlib.mig_7series_v4_2_ddr_of_pre_fifo...
Compiling module unisims_ver.BUFIO
Compiling module xil_defaultlib.mig_7series_v4_2_ddr_of_pre_fifo...
Compiling module unisims_ver.PHASER_OUT_PHY(FINE_DELAY=60,MEM...
Compiling module unisims_ver.OUT_FIFO(ARRAY_MODE="ARRAY_MODE_...
Compiling module unisims_ver.OSERDESE2(DATA_RATE_OQ="SDR",DAT...
Compiling module xil_defaultlib.mig_7series_v4_2_ddr_byte_group_...
Compiling module unisims_ver.ODDR(DDR_CLK_EDGE="SAME_EDGE")
Compiling module unisims_ver.OBUFDS
Compiling module xil_defaultlib.mig_7series_v4_2_ddr_byte_lane(B...
Compiling module xil_defaultlib.mig_7series_v4_2_ddr_byte_group_...
Compiling module xil_defaultlib.mig_7series_v4_2_ddr_byte_lane(A...
Compiling module xil_defaultlib.mig_7series_v4_2_ddr_byte_group_...
Compiling module xil_defaultlib.mig_7series_v4_2_ddr_byte_lane(A...
Compiling module unisims_ver.PHY_CONTROL(AO_TOGGLE=1,BURST_MO...
Compiling module unisims_ver.PHASER_REF
Compiling module xil_defaultlib.mig_7series_v4_2_ddr_phy_4lanes(...
Compiling module xil_defaultlib.mig_7series_v4_2_ddr_if_post_fif...
Compiling module unisims_ver.PHASER_IN_PHY(BURST_MODE="TRUE",...
Compiling module unisims_ver.PHASER_OUT_PHY(CLKOUT_DIV=2,DATA...
Compiling module unisims_ver.IN_FIFO
Compiling module unisims_ver.OUT_FIFO
Compiling module unisims_ver.ISERDESE2(INTERFACE_TYPE="MEMORY...
Compiling module unisims_ver.IDELAYE2(HIGH_PERFORMANCE_MODE="...
Compiling module unisims_ver.OSERDESE2(INIT_OQ=1'b1,INIT_TQ=1...
Compiling module unisims_ver.OSERDESE2(INIT_OQ=1'b1,INIT_TQ=1...
Compiling module xil_defaultlib.mig_7series_v4_2_ddr_byte_group_...
Compiling module xil_defaultlib.mig_7series_v4_2_ddr_byte_lane(A...
Compiling module xil_defaultlib.mig_7series_v4_2_ddr_byte_lane(A...
Compiling module unisims_ver.PHY_CONTROL(AO_TOGGLE=1,BURST_MO...
Compiling module xil_defaultlib.mig_7series_v4_2_ddr_phy_4lanes(...
Compiling module xil_defaultlib.mig_7series_v4_2_ddr_mc_phy(BYTE...
Compiling module xil_defaultlib.mig_7series_v4_2_ddr_mc_phy_wrap...
Compiling module xil_defaultlib.mig_7series_v4_2_ddr_prbs_gen(DQ...
Compiling module xil_defaultlib.mig_7series_v4_2_ddr_phy_init(tC...
Compiling module xil_defaultlib.mig_7series_v4_2_ddr_phy_wrcal(n...
Compiling module xil_defaultlib.mig_7series_v4_2_ddr_phy_wrlvl(D...
Compiling module xil_defaultlib.mig_7series_v4_2_ddr_phy_ck_addr...
Compiling module xil_defaultlib.mig_7series_v4_2_ddr_phy_dqs_fou...
Compiling module xil_defaultlib.mig_7series_v4_2_ddr_phy_rdlvl(n...
Compiling module xil_defaultlib.mig_7series_v4_2_ddr_phy_prbs_rd...
Compiling module xil_defaultlib.mig_7series_v4_2_ddr_phy_tempmon...
Compiling module xil_defaultlib.mig_7series_v4_2_ddr_calib_top(n...
Compiling module xil_defaultlib.mig_7series_v4_2_ddr_phy_top(DDR...
Compiling module xil_defaultlib.mig_7series_v4_2_mem_intfc(DDR3_...
Compiling module xil_defaultlib.mig_7series_v4_2_ui_cmd(ADDR_WID...
Compiling module xil_defaultlib.mig_7series_v4_2_ui_wr_data(APP_...
Compiling module xil_defaultlib.mig_7series_v4_2_ui_rd_data(APP_...
Compiling module xil_defaultlib.mig_7series_v4_2_ui_top(APP_DATA...
Compiling module xil_defaultlib.mig_7series_v4_2_memc_ui_top_std...
Compiling module xil_defaultlib.mig_7series_1_mig_default
Compiling module xil_defaultlib.mig_7series_1
Compiling module fifo_generator_v13_2_4.fifo_generator_v13_2_4_bhv_ver_s...
Compiling module fifo_generator_v13_2_4.fifo_generator_v13_2_4_bhv_ver_p...
Compiling module fifo_generator_v13_2_4.fifo_generator_v13_2_4_CONV_VER(...
Compiling module fifo_generator_v13_2_4.fifo_generator_vlog_beh(C_COMMON...
Compiling module xil_defaultlib.syncfifo_dist
Compiling module xil_defaultlib.mem_trans_app(APP_MASK_WIDTH=16)
Compiling module xil_defaultlib.prbs_generator
Compiling module xil_defaultlib.mem_test_default
Compiling module xil_defaultlib.example_top_default
Compiling module xil_defaultlib.ddr3_model_default
Compiling module xil_defaultlib.sim_tb_top
Compiling module xil_defaultlib.glbl
Built simulation snapshot sim_tb_top_behav
